<?xml version="1.0" encoding="UTF-8"?>
<!-- Generated by org.testng.reporters.JUnitXMLReporter -->
<testsuite hostname="samlin-PC" name="Test" tests="5" failures="0" timestamp="6 Oct 2019 17:22:15 GMT" time="2.539" errors="0">
  <testcase name="apiProcessor" time="1.171" classname="testCase.ApiProcessor"/>
  <testcase name="apiProcessor" time="0.317" classname="testCase.ApiProcessor"/>
  <testcase name="apiProcessor" time="0.253" classname="testCase.ApiProcessor"/>
  <testcase name="apiProcessor" time="0.131" classname="testCase.ApiProcessor"/>
  <testcase name="apiProcessor" time="0.239" classname="testCase.ApiProcessor"/>
</testsuite> <!-- Test -->
