<?xml version="1.0" encoding="UTF-8"?>
<!-- Generated by org.testng.reporters.JUnitXMLReporter -->
<testsuite hostname="DESKTOP-HQEC60V" name="Test" tests="6" failures="0" timestamp="14 Apr 2020 08:13:00 GMT" time="2.721" errors="0">
  <testcase name="apiProcessor" time="0.984" classname="testCase.ApiProcessor"/>
  <testcase name="apiProcessor" time="0.169" classname="testCase.ApiProcessor"/>
  <testcase name="apiProcessor" time="0.058" classname="testCase.ApiProcessor"/>
  <testcase name="apiProcessor" time="0.071" classname="testCase.ApiProcessor"/>
  <testcase name="apiProcessor" time="0.176" classname="testCase.ApiProcessor"/>
  <testcase name="apiProcessor" time="0.871" classname="testCase.ApiProcessor"/>
</testsuite> <!-- Test -->
