<?xml version="1.0" encoding="UTF-8" ?>
<testsuite tests="6" failures="0" name="TestSuite" time="3.347" errors="0" skipped="0">
  <properties>
[...]
</properties>
  <testcase classname="testCase.ApiProcessor" name="apiProcessor" time="0.984"/>
  <testcase classname="testCase.ApiProcessor" name="apiProcessor" time="0.169"/>
  <testcase classname="testCase.ApiProcessor" name="apiProcessor" time="0.058"/>
  <testcase classname="testCase.ApiProcessor" name="apiProcessor" time="0.071"/>
  <testcase classname="testCase.ApiProcessor" name="apiProcessor" time="0.176"/>
  <testcase classname="testCase.ApiProcessor" name="apiProcessor" time="0.871"/>
</testsuite>