<?xml version="1.0" encoding="UTF-8"?>
<testng-results skipped="0" failed="1" total="6" passed="5">
  <reporter-output>
  </reporter-output>
  <suite name="Default suite" duration-ms="13594" started-at="2019-10-20T13:48:40Z" finished-at="2019-10-20T13:48:54Z">
    <groups>
    </groups>
    <test name="Default test" duration-ms="13594" started-at="2019-10-20T13:48:40Z" finished-at="2019-10-20T13:48:54Z">
      <class name="testCase.ApiProcessor">
        <test-method status="PASS" signature="apiProcessor(java.lang.String, java.lang.String, java.lang.String, java.lang.String, java.lang.String, java.lang.String, java.lang.String, java.lang.String)[pri:0, instance:testCase.ApiProcessor@6833ce2c]" name="apiProcessor" duration-ms="9561" started-at="2019-10-20T21:48:41Z" data-provider="getDatas" finished-at="2019-10-20T21:48:50Z">
          <params>
            <param index="0">
              <value>
                <![CDATA[1]]>
              </value>
            </param>
            <param index="1">
              <value>
                <![CDATA[1]]>
              </value>
            </param>
            <param index="2">
              <value>
                <![CDATA[{"phone":"13916810045","password":"123456"}]]>
              </value>
            </param>
            <param index="3">
              <value>
                <![CDATA[{"user_id":12774,"is_new_user":true}]]>
              </value>
            </param>
            <param index="4">
              <value>
                <![CDATA[]]>
              </value>
            </param>
            <param index="5">
              <value>
                <![CDATA[]]>
              </value>
            </param>
            <param index="6">
              <value>
                <![CDATA[]]>
              </value>
            </param>
            <param index="7">
              <value>
                <![CDATA[]]>
              </value>
            </param>
          </params>
          <reporter-output>
          </reporter-output>
        </test-method> <!-- apiProcessor -->
        <test-method status="PASS" signature="apiProcessor(java.lang.String, java.lang.String, java.lang.String, java.lang.String, java.lang.String, java.lang.String, java.lang.String, java.lang.String)[pri:0, instance:testCase.ApiProcessor@6833ce2c]" name="apiProcessor" duration-ms="219" started-at="2019-10-20T21:48:50Z" data-provider="getDatas" finished-at="2019-10-20T21:48:50Z">
          <params>
            <param index="0">
              <value>
                <![CDATA[2]]>
              </value>
            </param>
            <param index="1">
              <value>
                <![CDATA[1]]>
              </value>
            </param>
            <param index="2">
              <value>
                <![CDATA[{"phone":"18121151234","password":"123456"}]]>
              </value>
            </param>
            <param index="3">
              <value>
                <![CDATA[{"code":101018,"message":"手机号码或密码不正确"}]]>
              </value>
            </param>
            <param index="4">
              <value>
                <![CDATA[]]>
              </value>
            </param>
            <param index="5">
              <value>
                <![CDATA[]]>
              </value>
            </param>
            <param index="6">
              <value>
                <![CDATA[]]>
              </value>
            </param>
            <param index="7">
              <value>
                <![CDATA[]]>
              </value>
            </param>
          </params>
          <reporter-output>
          </reporter-output>
        </test-method> <!-- apiProcessor -->
        <test-method status="PASS" signature="apiProcessor(java.lang.String, java.lang.String, java.lang.String, java.lang.String, java.lang.String, java.lang.String, java.lang.String, java.lang.String)[pri:0, instance:testCase.ApiProcessor@6833ce2c]" name="apiProcessor" duration-ms="129" started-at="2019-10-20T21:48:50Z" data-provider="getDatas" finished-at="2019-10-20T21:48:51Z">
          <params>
            <param index="0">
              <value>
                <![CDATA[3]]>
              </value>
            </param>
            <param index="1">
              <value>
                <![CDATA[1]]>
              </value>
            </param>
            <param index="2">
              <value>
                <![CDATA[{"phone":"11111111111","password":"123456"}]]>
              </value>
            </param>
            <param index="3">
              <value>
                <![CDATA[{"code":101000,"message":"请输入正确的手机号","data":{}}]]>
              </value>
            </param>
            <param index="4">
              <value>
                <![CDATA[]]>
              </value>
            </param>
            <param index="5">
              <value>
                <![CDATA[]]>
              </value>
            </param>
            <param index="6">
              <value>
                <![CDATA[]]>
              </value>
            </param>
            <param index="7">
              <value>
                <![CDATA[]]>
              </value>
            </param>
          </params>
          <reporter-output>
          </reporter-output>
        </test-method> <!-- apiProcessor -->
        <test-method status="PASS" signature="apiProcessor(java.lang.String, java.lang.String, java.lang.String, java.lang.String, java.lang.String, java.lang.String, java.lang.String, java.lang.String)[pri:0, instance:testCase.ApiProcessor@6833ce2c]" name="apiProcessor" duration-ms="118" started-at="2019-10-20T21:48:51Z" data-provider="getDatas" finished-at="2019-10-20T21:48:51Z">
          <params>
            <param index="0">
              <value>
                <![CDATA[4]]>
              </value>
            </param>
            <param index="1">
              <value>
                <![CDATA[1]]>
              </value>
            </param>
            <param index="2">
              <value>
                <![CDATA[{"phone":"13916810045","password":""}]]>
              </value>
            </param>
            <param index="3">
              <value>
                <![CDATA[{"code":101001,"message":"登录密码错误","data":{}}]]>
              </value>
            </param>
            <param index="4">
              <value>
                <![CDATA[]]>
              </value>
            </param>
            <param index="5">
              <value>
                <![CDATA[]]>
              </value>
            </param>
            <param index="6">
              <value>
                <![CDATA[]]>
              </value>
            </param>
            <param index="7">
              <value>
                <![CDATA[]]>
              </value>
            </param>
          </params>
          <reporter-output>
          </reporter-output>
        </test-method> <!-- apiProcessor -->
        <test-method status="PASS" signature="apiProcessor(java.lang.String, java.lang.String, java.lang.String, java.lang.String, java.lang.String, java.lang.String, java.lang.String, java.lang.String)[pri:0, instance:testCase.ApiProcessor@6833ce2c]" name="apiProcessor" duration-ms="373" started-at="2019-10-20T21:48:51Z" data-provider="getDatas" finished-at="2019-10-20T21:48:51Z">
          <params>
            <param index="0">
              <value>
                <![CDATA[5]]>
              </value>
            </param>
            <param index="1">
              <value>
                <![CDATA[1]]>
              </value>
            </param>
            <param index="2">
              <value>
                <![CDATA[{"phone":"13916810045","password":"666666"}]]>
              </value>
            </param>
            <param index="3">
              <value>
                <![CDATA[{"code":101018,"message":"手机号码或密码不正确","data":null}]]>
              </value>
            </param>
            <param index="4">
              <value>
                <![CDATA[]]>
              </value>
            </param>
            <param index="5">
              <value>
                <![CDATA[]]>
              </value>
            </param>
            <param index="6">
              <value>
                <![CDATA[]]>
              </value>
            </param>
            <param index="7">
              <value>
                <![CDATA[]]>
              </value>
            </param>
          </params>
          <reporter-output>
          </reporter-output>
        </test-method> <!-- apiProcessor -->
        <test-method status="FAIL" signature="apiProcessor(java.lang.String, java.lang.String, java.lang.String, java.lang.String, java.lang.String, java.lang.String, java.lang.String, java.lang.String)[pri:0, instance:testCase.ApiProcessor@6833ce2c]" name="apiProcessor" duration-ms="2567" started-at="2019-10-20T21:48:51Z" data-provider="getDatas" finished-at="2019-10-20T21:48:54Z">
          <params>
            <param index="0">
              <value>
                <![CDATA[6]]>
              </value>
            </param>
            <param index="1">
              <value>
                <![CDATA[2]]>
              </value>
            </param>
            <param index="2">
              <value>
                <![CDATA[]]>
              </value>
            </param>
            <param index="3">
              <value>
                <![CDATA[{"equipments_status":"false"}]]>
              </value>
            </param>
            <param index="4">
              <value>
                <![CDATA[]]>
              </value>
            </param>
            <param index="5">
              <value>
                <![CDATA[]]>
              </value>
            </param>
            <param index="6">
              <value>
                <![CDATA[yes]]>
              </value>
            </param>
            <param index="7">
              <value>
                <![CDATA[{"X-TOKEN":"${13916810045}"}]]>
              </value>
            </param>
          </params>
          <exception class="java.lang.AssertionError">
            <message>
              <![CDATA[expected [true] but found [false]]]>
            </message>
            <full-stacktrace>
              <![CDATA[java.lang.AssertionError: expected [true] but found [false]
	at org.testng.Assert.fail(Assert.java:94)
	at org.testng.Assert.failNotEquals(Assert.java:496)
	at org.testng.Assert.assertTrue(Assert.java:42)
	at org.testng.Assert.assertTrue(Assert.java:52)
	at testCase.ApiProcessor.apiProcessor(ApiProcessor.java:37)
	at sun.reflect.NativeMethodAccessorImpl.invoke0(Native Method)
	at sun.reflect.NativeMethodAccessorImpl.invoke(Unknown Source)
	at sun.reflect.DelegatingMethodAccessorImpl.invoke(Unknown Source)
	at java.lang.reflect.Method.invoke(Unknown Source)
	at org.testng.internal.MethodInvocationHelper.invokeMethod(MethodInvocationHelper.java:85)
	at org.testng.internal.Invoker.invokeMethod(Invoker.java:639)
	at org.testng.internal.Invoker.invokeTestMethod(Invoker.java:821)
	at org.testng.internal.Invoker.invokeTestMethods(Invoker.java:1131)
	at org.testng.internal.TestMethodWorker.invokeTestMethods(TestMethodWorker.java:125)
	at org.testng.internal.TestMethodWorker.run(TestMethodWorker.java:108)
	at org.testng.TestRunner.privateRun(TestRunner.java:773)
	at org.testng.TestRunner.run(TestRunner.java:623)
	at org.testng.SuiteRunner.runTest(SuiteRunner.java:357)
	at org.testng.SuiteRunner.runSequentially(SuiteRunner.java:352)
	at org.testng.SuiteRunner.privateRun(SuiteRunner.java:310)
	at org.testng.SuiteRunner.run(SuiteRunner.java:259)
	at org.testng.SuiteRunnerWorker.runSuite(SuiteRunnerWorker.java:52)
	at org.testng.SuiteRunnerWorker.run(SuiteRunnerWorker.java:86)
	at org.testng.TestNG.runSuitesSequentially(TestNG.java:1185)
	at org.testng.TestNG.runSuitesLocally(TestNG.java:1110)
	at org.testng.TestNG.run(TestNG.java:1018)
	at org.testng.remote.RemoteTestNG.run(RemoteTestNG.java:111)
	at org.testng.remote.RemoteTestNG.initAndRun(RemoteTestNG.java:204)
	at org.testng.remote.RemoteTestNG.main(RemoteTestNG.java:175)
]]>
            </full-stacktrace>
          </exception> <!-- java.lang.AssertionError -->
          <reporter-output>
          </reporter-output>
        </test-method> <!-- apiProcessor -->
        <test-method status="PASS" signature="afterSuite()[pri:0, instance:testCase.ApiProcessor@6833ce2c]" name="afterSuite" is-config="true" duration-ms="99" started-at="2019-10-20T21:48:54Z" finished-at="2019-10-20T21:48:54Z">
          <reporter-output>
          </reporter-output>
        </test-method> <!-- afterSuite -->
      </class> <!-- testCase.ApiProcessor -->
    </test> <!-- Default test -->
  </suite> <!-- Default suite -->
</testng-results>
